Assembler report for hps_fpga_template_top
Fri Aug 23 19:32:08 2024
Quartus Prime Version 22.1std.2 Build 922 07/20/2023 SC Lite Edition


---------------------
; Table of Contents ;
---------------------
  1. Legal Notice
  2. Assembler Summary
  3. Assembler Settings
  4. Assembler Generated Files
  5. Assembler Device Options: C:/Users/ojakinlade/Documents/Terasic-DE1-SoC-Projects/projects/P4_HPS_FPGA_Template/RTL/output_files/hps_fpga_template_top.sof
  6. Assembler Messages



----------------
; Legal Notice ;
----------------
Copyright (C) 2023  Intel Corporation. All rights reserved.
Your use of Intel Corporation's design tools, logic functions 
and other software and tools, and any partner logic 
functions, and any output files from any of the foregoing 
(including device programming or simulation files), and any 
associated documentation or information are expressly subject 
to the terms and conditions of the Intel Program License 
Subscription Agreement, the Intel Quartus Prime License Agreement,
the Intel FPGA IP License Agreement, or other applicable license
agreement, including, without limitation, that your use is for
the sole purpose of programming logic devices manufactured by
Intel and sold by Intel or its authorized distributors.  Please
refer to the applicable agreement for further details, at
https://fpgasoftware.intel.com/eula.



+---------------------------------------------------------------+
; Assembler Summary                                             ;
+-----------------------+---------------------------------------+
; Assembler Status      ; Successful - Fri Aug 23 19:32:08 2024 ;
; Revision Name         ; hps_fpga_template_top                 ;
; Top-level Entity Name ; hps_fpga_template_top                 ;
; Family                ; Cyclone V                             ;
; Device                ; 5CSEMA5F31C6                          ;
+-----------------------+---------------------------------------+


+----------------------------------+
; Assembler Settings               ;
+--------+---------+---------------+
; Option ; Setting ; Default Value ;
+--------+---------+---------------+


+---------------------------------------------------------------------------------------------------------------------------------+
; Assembler Generated Files                                                                                                       ;
+---------------------------------------------------------------------------------------------------------------------------------+
; File Name                                                                                                                       ;
+---------------------------------------------------------------------------------------------------------------------------------+
; C:/Users/ojakinlade/Documents/Terasic-DE1-SoC-Projects/projects/P4_HPS_FPGA_Template/RTL/output_files/hps_fpga_template_top.sof ;
+---------------------------------------------------------------------------------------------------------------------------------+


+-----------------------------------------------------------------------------------------------------------------------------------------------------------+
; Assembler Device Options: C:/Users/ojakinlade/Documents/Terasic-DE1-SoC-Projects/projects/P4_HPS_FPGA_Template/RTL/output_files/hps_fpga_template_top.sof ;
+----------------+------------------------------------------------------------------------------------------------------------------------------------------+
; Option         ; Setting                                                                                                                                  ;
+----------------+------------------------------------------------------------------------------------------------------------------------------------------+
; JTAG usercode  ; 0x00B67397                                                                                                                               ;
; Checksum       ; 0x00B67397                                                                                                                               ;
+----------------+------------------------------------------------------------------------------------------------------------------------------------------+


+--------------------+
; Assembler Messages ;
+--------------------+
Info: *******************************************************************
Info: Running Quartus Prime Assembler
    Info: Version 22.1std.2 Build 922 07/20/2023 SC Lite Edition
    Info: Processing started: Fri Aug 23 19:31:54 2024
Info: Command: quartus_asm --read_settings_files=off --write_settings_files=off hps_fpga_template -c hps_fpga_template_top
Warning (18236): Number of processors has not been specified which may cause overloading on shared machines.  Set the global assignment NUM_PARALLEL_PROCESSORS in your QSF to an appropriate value for best performance.
Info (115030): Assembler is generating device programming files
Info (11878): Hard Processor Subsystem configuration has not changed and a Preloader software update is not required
Info: Quartus Prime Assembler was successful. 0 errors, 1 warning
    Info: Peak virtual memory: 4898 megabytes
    Info: Processing ended: Fri Aug 23 19:32:08 2024
    Info: Elapsed time: 00:00:14
    Info: Total CPU time (on all processors): 00:00:13


